<?xml version="1.0" encoding="UTF-8"?>
<!-- Generated by org.testng.reporters.JUnitReportReporter -->
<testsuite hostname="INFORMA-U973DMK" failures="0" tests="1" name="bike.TC_Run_006_Test" time="6.862" errors="0" timestamp="2024-02-16T19:24:33 IST" skipped="0">
  <testcase classname="bike.TC_Run_006_Test" name="run" time="6.862"/>
  <system-out/>
</testsuite> <!-- bike.TC_Run_006_Test -->
