<?xml version="1.0" encoding="UTF-8"?>
<!-- Generated by org.testng.reporters.JUnitReportReporter -->
<testsuite hostname="INFORMA-U973DMK" failures="0" tests="1" name="car.TC_test_Car_002" time="11.285" errors="0" timestamp="2024-02-13T19:35:00 IST" skipped="0">
  <testcase classname="car.TC_test_Car_002" name="launch" time="11.285"/>
  <system-out/>
</testsuite> <!-- car.TC_test_Car_002 -->
