<?xml version="1.0" encoding="UTF-8"?>
<!-- Generated by org.testng.reporters.JUnitReportReporter -->
<testsuite hostname="INFORMA-U973DMK" failures="0" tests="1" name="bike.TC_Bike_003_Test" time="7.213" errors="0" timestamp="2024-02-13T18:54:05 IST" skipped="0">
  <testcase classname="bike.TC_Bike_003_Test" name="launch" time="7.213"/>
  <system-out/>
</testsuite> <!-- bike.TC_Bike_003_Test -->
