<?xml version="1.0" encoding="UTF-8"?>
<!-- Generated by org.testng.reporters.JUnitReportReporter -->
<testsuite hostname="INFORMA-U973DMK" failures="0" tests="1" name="bike.TC_Bike_002_Test" time="6.116" errors="0" timestamp="2024-02-13T19:10:01 IST" skipped="0">
  <testcase classname="bike.TC_Bike_002_Test" name="launch" time="6.116"/>
  <system-out/>
</testsuite> <!-- bike.TC_Bike_002_Test -->
