<?xml version="1.0" encoding="UTF-8"?>
<!-- Generated by org.testng.reporters.JUnitReportReporter -->
<testsuite hostname="INFORMA-U973DMK" failures="0" tests="1" name="car.TC_Car_001_Test" time="6.327" errors="0" timestamp="2024-02-13T18:54:05 IST" skipped="0">
  <testcase classname="car.TC_Car_001_Test" name="launch" time="6.327"/>
  <system-out/>
</testsuite> <!-- car.TC_Car_001_Test -->
