<?xml version="1.0" encoding="UTF-8"?>
<!-- Generated by org.testng.reporters.JUnitReportReporter -->
<testsuite hostname="INFORMA-U973DMK" failures="0" tests="1" name="trip.TC_Trip_004_Test" time="5.668" errors="0" timestamp="2024-02-13T18:54:05 IST" skipped="0">
  <testcase classname="trip.TC_Trip_004_Test" name="launch" time="5.668"/>
  <system-out/>
</testsuite> <!-- trip.TC_Trip_004_Test -->
